# JRE version: OpenJDK Runtime Environment JBR-21.0.7+9-895.130-jcef (21.0.7+9) (build 21.0.7+9-b895.130)
# Java VM: OpenJDK 64-Bit Server VM JBR-21.0.7+9-895.130-jcef (21.0.7+9-b895.130, mixed mode, sharing, tiered, compressed oops, compressed class ptrs, g1 gc, windows-amd64)
GC Precious Log:
 CardTable entry size: 512
 Card Set container configuration: InlinePtr #cards 5 size 8 Array Of Cards #cards 12 size 40 Howl #buckets 4 coarsen threshold 1843 Howl Bitmap #cards 512 size 80 coarsen threshold 460 Card regions per heap region 1 cards per card region 2048
 CPUs: 20 total, 20 available
 Memory: 32553M
 Large Page Support: Disabled
 NUMA Support: Disabled
 Compressed Oops: Enabled (32-bit)
 Heap Region Size: 1M
 Heap Min Capacity: 128M
 Heap Initial Capacity: 128M
 Heap Max Capacity: 1G
 Pre-touch: Disabled
 Parallel Workers: 15
 Concurrent Workers: 4
 Concurrent Refinement Workers: 15
 Periodic GC: Disabled
Heap:
 garbage-first heap   total 440320K, used 239330K [0x00000000c0000000, 0x0000000100000000)
  region size 1024K, 19 young (19456K), 11 survivors (11264K)
 Metaspace       used 224300K, committed 227648K, reserved 1310720K
  class space    used 27389K, committed 28800K, reserved 1048576K
GC Heap History (20 events):
Event: 2.233 GC heap before
{Heap before GC invocations=21 (full 0):
 garbage-first heap   total 214016K, used 189825K [0x00000000c0000000, 0x0000000100000000)
  region size 1024K, 64 young (65536K), 8 survivors (8192K)
 Metaspace       used 162221K, committed 164928K, reserved 1245184K
  class space    used 19379K, committed 20480K, reserved 1048576K
}
Event: 2.237 GC heap after
{Heap after GC invocations=22 (full 0):
 garbage-first heap   total 214016K, used 141717K [0x00000000c0000000, 0x0000000100000000)
  region size 1024K, 8 young (8192K), 8 survivors (8192K)
 Metaspace       used 162221K, committed 164928K, reserved 1245184K
  class space    used 19379K, committed 20480K, reserved 1048576K
}
Event: 2.405 GC heap before
{Heap before GC invocations=23 (full 0):
 garbage-first heap   total 284672K, used 273813K [0x00000000c0000000, 0x0000000100000000)
  region size 1024K, 57 young (58368K), 8 survivors (8192K)
 Metaspace       used 177014K, committed 179904K, reserved 1245184K
  class space    used 21284K, committed 22464K, reserved 1048576K
}
Event: 2.408 GC heap after
{Heap after GC invocations=24 (full 0):
 garbage-first heap   total 290816K, used 189904K [0x00000000c0000000, 0x0000000100000000)
  region size 1024K, 8 young (8192K), 8 survivors (8192K)
 Metaspace       used 177014K, committed 179904K, reserved 1245184K
  class space    used 21284K, committed 22464K, reserved 1048576K
}
Event: 2.494 GC heap before
{Heap before GC invocations=24 (full 0):
 garbage-first heap   total 290816K, used 266704K [0x00000000c0000000, 0x0000000100000000)
  region size 1024K, 74 young (75776K), 8 survivors (8192K)
 Metaspace       used 192137K, committed 195136K, reserved 1245184K
  class space    used 23268K, committed 24512K, reserved 1048576K
}
Event: 2.498 GC heap after
{Heap after GC invocations=25 (full 0):
 garbage-first heap   total 290816K, used 188079K [0x00000000c0000000, 0x0000000100000000)
  region size 1024K, 10 young (10240K), 10 survivors (10240K)
 Metaspace       used 192137K, committed 195136K, reserved 1245184K
  class space    used 23268K, committed 24512K, reserved 1048576K
}
Event: 2.533 GC heap before
{Heap before GC invocations=25 (full 0):
 garbage-first heap   total 290816K, used 217775K [0x00000000c0000000, 0x0000000100000000)
  region size 1024K, 41 young (41984K), 10 survivors (10240K)
 Metaspace       used 195977K, committed 199040K, reserved 1245184K
  class space    used 23773K, committed 25024K, reserved 1048576K
}
Event: 2.536 GC heap after
{Heap after GC invocations=26 (full 0):
 garbage-first heap   total 290816K, used 194665K [0x00000000c0000000, 0x0000000100000000)
  region size 1024K, 8 young (8192K), 8 survivors (8192K)
 Metaspace       used 195977K, committed 199040K, reserved 1245184K
  class space    used 23773K, committed 25024K, reserved 1048576K
}
Event: 2.600 GC heap before
{Heap before GC invocations=27 (full 0):
 garbage-first heap   total 329728K, used 268393K [0x00000000c0000000, 0x0000000100000000)
  region size 1024K, 71 young (72704K), 8 survivors (8192K)
 Metaspace       used 201542K, committed 204800K, reserved 1245184K
  class space    used 24520K, committed 25856K, reserved 1048576K
}
Event: 2.604 GC heap after
{Heap after GC invocations=28 (full 0):
 garbage-first heap   total 329728K, used 214556K [0x00000000c0000000, 0x0000000100000000)
  region size 1024K, 9 young (9216K), 9 survivors (9216K)
 Metaspace       used 201542K, committed 204800K, reserved 1245184K
  class space    used 24520K, committed 25856K, reserved 1048576K
}
Event: 2.665 GC heap before
{Heap before GC invocations=28 (full 0):
 garbage-first heap   total 329728K, used 329244K [0x00000000c0000000, 0x0000000100000000)
  region size 1024K, 59 young (60416K), 9 survivors (9216K)
 Metaspace       used 203887K, committed 207296K, reserved 1245184K
  class space    used 24787K, committed 26176K, reserved 1048576K
}
Event: 2.670 GC heap after
{Heap after GC invocations=29 (full 0):
 garbage-first heap   total 353280K, used 270324K [0x00000000c0000000, 0x0000000100000000)
  region size 1024K, 11 young (11264K), 11 survivors (11264K)
 Metaspace       used 203887K, committed 207296K, reserved 1245184K
  class space    used 24787K, committed 26176K, reserved 1048576K
}
Event: 2.751 GC heap before
{Heap before GC invocations=29 (full 0):
 garbage-first heap   total 353280K, used 323572K [0x00000000c0000000, 0x0000000100000000)
  region size 1024K, 63 young (64512K), 11 survivors (11264K)
 Metaspace       used 207445K, committed 210816K, reserved 1245184K
  class space    used 25226K, committed 26624K, reserved 1048576K
}
Event: 2.754 GC heap after
{Heap after GC invocations=30 (full 0):
 garbage-first heap   total 353280K, used 273331K [0x00000000c0000000, 0x0000000100000000)
  region size 1024K, 3 young (3072K), 3 survivors (3072K)
 Metaspace       used 207445K, committed 210816K, reserved 1245184K
  class space    used 25226K, committed 26624K, reserved 1048576K
}
Event: 2.843 GC heap before
{Heap before GC invocations=31 (full 0):
 garbage-first heap   total 418816K, used 312243K [0x00000000c0000000, 0x0000000100000000)
  region size 1024K, 56 young (57344K), 3 survivors (3072K)
 Metaspace       used 210650K, committed 214016K, reserved 1245184K
  class space    used 25640K, committed 27072K, reserved 1048576K
}
Event: 2.845 GC heap after
{Heap after GC invocations=32 (full 0):
 garbage-first heap   total 418816K, used 251291K [0x00000000c0000000, 0x0000000100000000)
  region size 1024K, 3 young (3072K), 3 survivors (3072K)
 Metaspace       used 210650K, committed 214016K, reserved 1245184K
  class space    used 25640K, committed 27072K, reserved 1048576K
}
Event: 2.966 GC heap before
{Heap before GC invocations=32 (full 0):
 garbage-first heap   total 429056K, used 427419K [0x00000000c0000000, 0x0000000100000000)
  region size 1024K, 68 young (69632K), 3 survivors (3072K)
 Metaspace       used 215982K, committed 219328K, reserved 1245184K
  class space    used 26309K, committed 27712K, reserved 1048576K
}
Event: 2.969 GC heap after
{Heap after GC invocations=33 (full 0):
 garbage-first heap   total 440320K, used 290109K [0x00000000c0000000, 0x0000000100000000)
  region size 1024K, 8 young (8192K), 8 survivors (8192K)
 Metaspace       used 215982K, committed 219328K, reserved 1245184K
  class space    used 26309K, committed 27712K, reserved 1048576K
}
Event: 3.107 GC heap before
{Heap before GC invocations=33 (full 0):
 garbage-first heap   total 440320K, used 320829K [0x00000000c0000000, 0x0000000100000000)
  region size 1024K, 39 young (39936K), 8 survivors (8192K)
 Metaspace       used 221941K, committed 225408K, reserved 1310720K
  class space    used 27070K, committed 28544K, reserved 1048576K
}
Event: 3.110 GC heap after
{Heap after GC invocations=34 (full 0):
 garbage-first heap   total 440320K, used 283362K [0x00000000c0000000, 0x0000000100000000)
  region size 1024K, 11 young (11264K), 11 survivors (11264K)
 Metaspace       used 221941K, committed 225408K, reserved 1310720K
  class space    used 27070K, committed 28544K, reserved 1048576K
}

